<?xml version="1.0" encoding="utf-8"?><testsuites><testsuite name="pytest" errors="0" failures="0" skipped="0" tests="4" time="0.345" timestamp="2023-03-08T16:59:09.723902" hostname="Rons-MacBook-Air.local"><testcase classname="tests.polytest.TestBot" name="test_message_handler" time="0.002" /><testcase classname="tests.polytest.TestBot" name="test_send_text" time="0.002" /><testcase classname="tests.polytest.TestBot" name="test_send_text2" time="0.001" /><testcase classname="tests.polytest.TestBot" name="test_start" time="0.001" /></testsuite></testsuites>